::1 - - [20/Jun/2021:08:01:26 +0000] "POST /api/users/registration HTTP/1.1" 409 80
::1 - - [20/Jun/2021:08:05:48 +0000] "GET /api/apartment/my/ HTTP/1.1" 400 77
::1 - - [20/Jun/2021:08:08:01 +0000] "GET /api/apartment/my/ HTTP/1.1" 400 77
::1 - - [20/Jun/2021:08:10:12 +0000] "GET /api/apartment/my/ HTTP/1.1" 400 77
::1 - - [20/Jun/2021:08:10:52 +0000] "GET /api/apartment/my/ HTTP/1.1" 400 77
::1 - - [20/Jun/2021:08:15:00 +0000] "GET /api/apartment/my/ HTTP/1.1" 400 77
::1 - - [20/Jun/2021:08:15:02 +0000] "GET /api/apartment/my/ HTTP/1.1" 400 77
::1 - - [20/Jun/2021:08:15:31 +0000] "GET /api/apartment/my/ HTTP/1.1" 400 77
::1 - - [20/Jun/2021:08:15:32 +0000] "GET /api/apartment/my/ HTTP/1.1" 400 77
::1 - - [20/Jun/2021:08:15:33 +0000] "GET /api/apartment/my/ HTTP/1.1" 400 77
::1 - - [20/Jun/2021:08:15:34 +0000] "GET /api/apartment/my/ HTTP/1.1" 400 77
::1 - - [20/Jun/2021:08:15:57 +0000] "GET /api/apartment/my/ HTTP/1.1" 400 77
::1 - - [20/Jun/2021:09:00:53 +0000] "GET /api/apartment/my/ HTTP/1.1" 400 77
::1 - - [20/Jun/2021:09:14:37 +0000] "GET /api/apartment/myaprtment/ HTTP/1.1" 400 77
::1 - - [20/Jun/2021:09:17:26 +0000] "GET /api/apartment/myaprtment/ HTTP/1.1" 400 77
::1 - - [20/Jun/2021:09:17:52 +0000] "GET /api/apartment/myaprtment/ HTTP/1.1" 400 77
::1 - - [20/Jun/2021:09:18:44 +0000] "GET /api/apartment/myaprtment/ HTTP/1.1" 400 77
::1 - - [20/Jun/2021:09:20:25 +0000] "GET /api/apartment/myaprtment HTTP/1.1" 400 77
::1 - - [20/Jun/2021:09:22:25 +0000] "GET /api/apartment/myaprtment HTTP/1.1" 400 77
::1 - - [20/Jun/2021:09:22:28 +0000] "GET /api/apartment/myaprtment HTTP/1.1" 400 77
::1 - - [20/Jun/2021:09:22:29 +0000] "GET /api/apartment/myaprtment HTTP/1.1" 400 77
::1 - - [20/Jun/2021:09:22:30 +0000] "GET /api/apartment/myaprtment HTTP/1.1" 400 77
::1 - - [20/Jun/2021:09:22:31 +0000] "GET /api/apartment/myaprtment HTTP/1.1" 400 77
::1 - - [20/Jun/2021:09:22:32 +0000] "GET /api/apartment/myaprtment HTTP/1.1" 400 77
::1 - - [20/Jun/2021:09:22:33 +0000] "GET /api/apartment/myaprtment HTTP/1.1" 400 77
::1 - - [20/Jun/2021:09:22:36 +0000] "GET /api/apartment/myaprtment HTTP/1.1" 400 77
::1 - - [20/Jun/2021:09:22:38 +0000] "GET /api/apartment/myaprtment HTTP/1.1" 400 77
::1 - - [20/Jun/2021:09:25:11 +0000] "GET /api/apartment/myaprtment HTTP/1.1" 400 77
::1 - - [20/Jun/2021:09:25:46 +0000] "GET /api/apartment/myaprtment HTTP/1.1" 400 77
::1 - - [20/Jun/2021:09:26:30 +0000] "GET /api/apartment/myaprtment HTTP/1.1" 400 77
::1 - - [20/Jun/2021:09:26:55 +0000] "GET /api/apartment/myaprtment HTTP/1.1" 400 77
::1 - - [20/Jun/2021:09:26:57 +0000] "GET /api/apartment/myaprtment HTTP/1.1" 400 77
::1 - - [20/Jun/2021:09:26:59 +0000] "GET /api/apartment/myaprtment HTTP/1.1" 400 77
::1 - - [20/Jun/2021:09:27:01 +0000] "GET /api/apartment/myaprtment HTTP/1.1" 400 77
::1 - - [20/Jun/2021:09:27:02 +0000] "GET /api/apartment/myaprtment HTTP/1.1" 400 77
::1 - - [20/Jun/2021:09:27:03 +0000] "GET /api/apartment/myaprtment HTTP/1.1" 400 77
::1 - - [20/Jun/2021:09:27:24 +0000] "GET /api/apartment/myaprtment HTTP/1.1" 400 77
::1 - - [20/Jun/2021:09:27:31 +0000] "GET /api/apartment/myaprtment HTTP/1.1" 400 77
::1 - - [20/Jun/2021:09:27:37 +0000] "GET /api/apartment/myaprtmentsdevsdvsdv HTTP/1.1" 400 77
::1 - - [20/Jun/2021:09:27:38 +0000] "GET /api/apartment/myaprtmentsdevsdvsdv HTTP/1.1" 400 77
::1 - - [20/Jun/2021:09:27:41 +0000] "GET /api/apartment/myaprtmentsdevsdvsdvsdvsdvsdvsdvsdvsdv HTTP/1.1" 400 77
::1 - - [20/Jun/2021:09:27:42 +0000] "GET /api/apartment/myaprtmentsdevsdvsdvsdvsdvsdvsdvsdvsdv HTTP/1.1" 400 77
::1 - - [20/Jun/2021:09:27:44 +0000] "GET /api/apartment/myaprtmentsdevsdvsdvsdvsdvsdvsdvsdvsdv HTTP/1.1" 400 77
::1 - - [20/Jun/2021:09:27:45 +0000] "GET /api/apartment/myaprtmentsdevsdvsdvsdvsdvsdvsdvsdvsdv HTTP/1.1" 400 77
::1 - - [20/Jun/2021:09:27:46 +0000] "GET /api/apartment/myaprtmentsdevsdvsdvsdvsdvsdvsdvsdvsdv HTTP/1.1" 400 77
::1 - - [20/Jun/2021:09:27:48 +0000] "GET /api/apartment/myaprtmentsdevsdvsdvsdvsdvsdvsdvsdvsdv HTTP/1.1" 400 77
::1 - - [20/Jun/2021:09:27:49 +0000] "GET /api/apartment/myaprtmentsdevsdvsdvsdvsdvsdvsdvsdvsdv HTTP/1.1" 400 77
::1 - - [20/Jun/2021:09:27:49 +0000] "GET /api/apartment/myaprtmentsdevsdvsdvsdvsdvsdvsdvsdvsdv HTTP/1.1" 400 77
::1 - - [20/Jun/2021:09:27:50 +0000] "GET /api/apartment/myaprtmentsdevsdvsdvsdvsdvsdvsdvsdvsdv HTTP/1.1" 400 77
::1 - - [20/Jun/2021:09:28:51 +0000] "GET /api/apartment/myaprtmentsdevsdvsdvsdvsdvsdvsdvsdvsdv HTTP/1.1" 400 77
::1 - - [16/Jan/2022:09:49:43 +0000] "GET /api/config HTTP/1.1" 500 112
::1 - - [16/Jan/2022:09:50:15 +0000] "GET /api/config/ HTTP/1.1" 500 112
::1 - - [16/Jan/2022:09:51:04 +0000] "GET /api/config/ HTTP/1.1" 500 112
